# JRE version: Java(TM) SE Runtime Environment (22.0.1+8) (build 22.0.1+8-16)
# Java VM: Java HotSpot(TM) 64-Bit Server VM (22.0.1+8-16, mixed mode, sharing, tiered, compressed oops, compressed class ptrs, g1 gc, windows-amd64)
GC Precious Log:
 CardTable entry size: 512
 Card Set container configuration: InlinePtr #cards 5 size 8 Array Of Cards #cards 12 size 40 Howl #buckets 4 coarsen threshold 1843 Howl Bitmap #cards 512 size 80 coarsen threshold 460 Card regions per heap region 1 cards per card region 2048
 CPUs: 4 total, 4 available
 Memory: 3877M
 Large Page Support: Disabled
 NUMA Support: Disabled
 Compressed Oops: Enabled (32-bit)
 Heap Region Size: 1M
 Heap Min Capacity: 8M
 Heap Initial Capacity: 62M
 Heap Max Capacity: 970M
 Pre-touch: Disabled
 Parallel Workers: 4
 Concurrent Workers: 1
 Concurrent Refinement Workers: 4
 Periodic GC: Disabled
Heap:
 garbage-first heap   total reserved 993280K, committed 48128K, used 38177K [0x00000000c3600000, 0x0000000100000000)
  region size 1024K, 15 young (15360K), 2 survivors (2048K)
 Metaspace       used 52161K, committed 52800K, reserved 1114112K
  class space    used 6804K, committed 7104K, reserved 1048576K
GC Heap History (20 events):
Event: 3.942 GC heap before
{Heap before GC invocations=2 (full 0):
 garbage-first heap   total reserved 993280K, committed 63488K, used 40914K [0x00000000c3600000, 0x0000000100000000)
  region size 1024K, 37 young (37888K), 2 survivors (2048K)
 Metaspace       used 14540K, committed 14912K, reserved 1114112K
  class space    used 1788K, committed 1984K, reserved 1048576K
}
Event: 3.951 GC heap after
{Heap after GC invocations=3 (full 0):
 garbage-first heap   total reserved 993280K, committed 63488K, used 8702K [0x00000000c3600000, 0x0000000100000000)
  region size 1024K, 4 young (4096K), 4 survivors (4096K)
 Metaspace       used 14540K, committed 14912K, reserved 1114112K
  class space    used 1788K, committed 1984K, reserved 1048576K
}
Event: 5.318 GC heap before
{Heap before GC invocations=3 (full 0):
 garbage-first heap   total reserved 993280K, committed 63488K, used 41470K [0x00000000c3600000, 0x0000000100000000)
  region size 1024K, 37 young (37888K), 4 survivors (4096K)
 Metaspace       used 19387K, committed 19840K, reserved 1114112K
  class space    used 2418K, committed 2624K, reserved 1048576K
}
Event: 5.327 GC heap after
{Heap after GC invocations=4 (full 0):
 garbage-first heap   total reserved 993280K, committed 63488K, used 11871K [0x00000000c3600000, 0x0000000100000000)
  region size 1024K, 5 young (5120K), 5 survivors (5120K)
 Metaspace       used 19387K, committed 19840K, reserved 1114112K
  class space    used 2418K, committed 2624K, reserved 1048576K
}
Event: 5.839 GC heap before
{Heap before GC invocations=4 (full 0):
 garbage-first heap   total reserved 993280K, committed 63488K, used 23135K [0x00000000c3600000, 0x0000000100000000)
  region size 1024K, 18 young (18432K), 5 survivors (5120K)
 Metaspace       used 21133K, committed 21504K, reserved 1114112K
  class space    used 2633K, committed 2816K, reserved 1048576K
}
Event: 5.852 GC heap after
{Heap after GC invocations=5 (full 0):
 garbage-first heap   total reserved 993280K, committed 63488K, used 13303K [0x00000000c3600000, 0x0000000100000000)
  region size 1024K, 2 young (2048K), 2 survivors (2048K)
 Metaspace       used 21133K, committed 21504K, reserved 1114112K
  class space    used 2633K, committed 2816K, reserved 1048576K
}
Event: 7.145 GC heap before
{Heap before GC invocations=6 (full 0):
 garbage-first heap   total reserved 993280K, committed 48128K, used 39927K [0x00000000c3600000, 0x0000000100000000)
  region size 1024K, 28 young (28672K), 2 survivors (2048K)
 Metaspace       used 26197K, committed 26688K, reserved 1114112K
  class space    used 3367K, committed 3584K, reserved 1048576K
}
Event: 7.154 GC heap after
{Heap after GC invocations=7 (full 0):
 garbage-first heap   total reserved 993280K, committed 48128K, used 15631K [0x00000000c3600000, 0x0000000100000000)
  region size 1024K, 4 young (4096K), 4 survivors (4096K)
 Metaspace       used 26197K, committed 26688K, reserved 1114112K
  class space    used 3367K, committed 3584K, reserved 1048576K
}
Event: 8.307 GC heap before
{Heap before GC invocations=7 (full 0):
 garbage-first heap   total reserved 993280K, committed 48128K, used 39183K [0x00000000c3600000, 0x0000000100000000)
  region size 1024K, 27 young (27648K), 4 survivors (4096K)
 Metaspace       used 31381K, committed 31936K, reserved 1114112K
  class space    used 4021K, committed 4288K, reserved 1048576K
}
Event: 8.316 GC heap after
{Heap after GC invocations=8 (full 0):
 garbage-first heap   total reserved 993280K, committed 48128K, used 16862K [0x00000000c3600000, 0x0000000100000000)
  region size 1024K, 2 young (2048K), 2 survivors (2048K)
 Metaspace       used 31381K, committed 31936K, reserved 1114112K
  class space    used 4021K, committed 4288K, reserved 1048576K
}
Event: 9.155 GC heap before
{Heap before GC invocations=8 (full 0):
 garbage-first heap   total reserved 993280K, committed 48128K, used 35294K [0x00000000c3600000, 0x0000000100000000)
  region size 1024K, 21 young (21504K), 2 survivors (2048K)
 Metaspace       used 35470K, committed 35968K, reserved 1114112K
  class space    used 4636K, committed 4864K, reserved 1048576K
}
Event: 9.159 GC heap after
{Heap after GC invocations=9 (full 0):
 garbage-first heap   total reserved 993280K, committed 48128K, used 18735K [0x00000000c3600000, 0x0000000100000000)
  region size 1024K, 4 young (4096K), 4 survivors (4096K)
 Metaspace       used 35470K, committed 35968K, reserved 1114112K
  class space    used 4636K, committed 4864K, reserved 1048576K
}
Event: 10.218 GC heap before
{Heap before GC invocations=10 (full 0):
 garbage-first heap   total reserved 993280K, committed 48128K, used 40239K [0x00000000c3600000, 0x0000000100000000)
  region size 1024K, 25 young (25600K), 4 survivors (4096K)
 Metaspace       used 38649K, committed 39232K, reserved 1114112K
  class space    used 5107K, committed 5376K, reserved 1048576K
}
Event: 10.224 GC heap after
{Heap after GC invocations=11 (full 0):
 garbage-first heap   total reserved 993280K, committed 48128K, used 20852K [0x00000000c3600000, 0x0000000100000000)
  region size 1024K, 4 young (4096K), 4 survivors (4096K)
 Metaspace       used 38649K, committed 39232K, reserved 1114112K
  class space    used 5107K, committed 5376K, reserved 1048576K
}
Event: 11.087 GC heap before
{Heap before GC invocations=11 (full 0):
 garbage-first heap   total reserved 993280K, committed 48128K, used 40308K [0x00000000c3600000, 0x0000000100000000)
  region size 1024K, 23 young (23552K), 4 survivors (4096K)
 Metaspace       used 41650K, committed 42240K, reserved 1114112K
  class space    used 5549K, committed 5824K, reserved 1048576K
}
Event: 11.094 GC heap after
{Heap after GC invocations=12 (full 0):
 garbage-first heap   total reserved 993280K, committed 48128K, used 22395K [0x00000000c3600000, 0x0000000100000000)
  region size 1024K, 2 young (2048K), 2 survivors (2048K)
 Metaspace       used 41650K, committed 42240K, reserved 1114112K
  class space    used 5549K, committed 5824K, reserved 1048576K
}
Event: 557.188 GC heap before
{Heap before GC invocations=12 (full 0):
 garbage-first heap   total reserved 993280K, committed 48128K, used 40827K [0x00000000c3600000, 0x0000000100000000)
  region size 1024K, 21 young (21504K), 2 survivors (2048K)
 Metaspace       used 47646K, committed 48192K, reserved 1114112K
  class space    used 6228K, committed 6464K, reserved 1048576K
}
Event: 557.245 GC heap after
{Heap after GC invocations=13 (full 0):
 garbage-first heap   total reserved 993280K, committed 48128K, used 24623K [0x00000000c3600000, 0x0000000100000000)
  region size 1024K, 3 young (3072K), 3 survivors (3072K)
 Metaspace       used 47646K, committed 48192K, reserved 1114112K
  class space    used 6228K, committed 6464K, reserved 1048576K
}
Event: 567.613 GC heap before
{Heap before GC invocations=13 (full 0):
 garbage-first heap   total reserved 993280K, committed 48128K, used 39983K [0x00000000c3600000, 0x0000000100000000)
  region size 1024K, 19 young (19456K), 3 survivors (3072K)
 Metaspace       used 51142K, committed 51776K, reserved 1114112K
  class space    used 6705K, committed 6976K, reserved 1048576K
}
Event: 567.624 GC heap after
{Heap after GC invocations=14 (full 0):
 garbage-first heap   total reserved 993280K, committed 48128K, used 25889K [0x00000000c3600000, 0x0000000100000000)
  region size 1024K, 2 young (2048K), 2 survivors (2048K)
 Metaspace       used 51142K, committed 51776K, reserved 1114112K
  class space    used 6705K, committed 6976K, reserved 1048576K
}

