# JRE version: Java(TM) SE Runtime Environment (22.0.1+8) (build 22.0.1+8-16)
# Java VM: Java HotSpot(TM) 64-Bit Server VM (22.0.1+8-16, mixed mode, sharing, tiered, compressed oops, compressed class ptrs, g1 gc, windows-amd64)
GC Precious Log:
 CardTable entry size: 512
 Card Set container configuration: InlinePtr #cards 5 size 8 Array Of Cards #cards 12 size 40 Howl #buckets 4 coarsen threshold 1843 Howl Bitmap #cards 512 size 80 coarsen threshold 460 Card regions per heap region 1 cards per card region 2048
 CPUs: 4 total, 4 available
 Memory: 3877M
 Large Page Support: Disabled
 NUMA Support: Disabled
 Compressed Oops: Enabled (32-bit)
 Heap Region Size: 1M
 Heap Min Capacity: 8M
 Heap Initial Capacity: 62M
 Heap Max Capacity: 970M
 Pre-touch: Disabled
 Parallel Workers: 4
 Concurrent Workers: 1
 Concurrent Refinement Workers: 4
 Periodic GC: Disabled
Heap:
 garbage-first heap   total reserved 993280K, committed 45056K, used 30221K [0x00000000c3600000, 0x0000000100000000)
  region size 1024K, 9 young (9216K), 1 survivors (1024K)
 Metaspace       used 44432K, committed 45248K, reserved 1114112K
  class space    used 5945K, committed 6272K, reserved 1048576K
GC Heap History (20 events):
Event: 2.104 GC heap before
{Heap before GC invocations=0 (full 0):
 garbage-first heap   total reserved 993280K, committed 63488K, used 13312K [0x00000000c3600000, 0x0000000100000000)
  region size 1024K, 14 young (14336K), 0 survivors (0K)
 Metaspace       used 3901K, committed 4032K, reserved 1114112K
  class space    used 444K, committed 512K, reserved 1048576K
}
Event: 2.113 GC heap after
{Heap after GC invocations=1 (full 0):
 garbage-first heap   total reserved 993280K, committed 63488K, used 4736K [0x00000000c3600000, 0x0000000100000000)
  region size 1024K, 2 young (2048K), 2 survivors (2048K)
 Metaspace       used 3901K, committed 4032K, reserved 1114112K
  class space    used 444K, committed 512K, reserved 1048576K
}
Event: 3.221 GC heap before
{Heap before GC invocations=1 (full 0):
 garbage-first heap   total reserved 993280K, committed 63488K, used 21120K [0x00000000c3600000, 0x0000000100000000)
  region size 1024K, 18 young (18432K), 2 survivors (2048K)
 Metaspace       used 8828K, committed 9152K, reserved 1114112K
  class space    used 1129K, committed 1280K, reserved 1048576K
}
Event: 3.230 GC heap after
{Heap after GC invocations=2 (full 0):
 garbage-first heap   total reserved 993280K, committed 63488K, used 6519K [0x00000000c3600000, 0x0000000100000000)
  region size 1024K, 2 young (2048K), 2 survivors (2048K)
 Metaspace       used 8828K, committed 9152K, reserved 1114112K
  class space    used 1129K, committed 1280K, reserved 1048576K
}
Event: 4.376 GC heap before
{Heap before GC invocations=2 (full 0):
 garbage-first heap   total reserved 993280K, committed 63488K, used 41335K [0x00000000c3600000, 0x0000000100000000)
  region size 1024K, 37 young (37888K), 2 survivors (2048K)
 Metaspace       used 17773K, committed 18176K, reserved 1114112K
  class space    used 2229K, committed 2432K, reserved 1048576K
}
Event: 4.385 GC heap after
{Heap after GC invocations=3 (full 0):
 garbage-first heap   total reserved 993280K, committed 63488K, used 9837K [0x00000000c3600000, 0x0000000100000000)
  region size 1024K, 5 young (5120K), 5 survivors (5120K)
 Metaspace       used 17773K, committed 18176K, reserved 1114112K
  class space    used 2229K, committed 2432K, reserved 1048576K
}
Event: 5.731 GC heap before
{Heap before GC invocations=3 (full 0):
 garbage-first heap   total reserved 993280K, committed 63488K, used 36461K [0x00000000c3600000, 0x0000000100000000)
  region size 1024K, 32 young (32768K), 5 survivors (5120K)
 Metaspace       used 21181K, committed 21504K, reserved 1114112K
  class space    used 2656K, committed 2816K, reserved 1048576K
}
Event: 5.741 GC heap after
{Heap after GC invocations=4 (full 0):
 garbage-first heap   total reserved 993280K, committed 63488K, used 12336K [0x00000000c3600000, 0x0000000100000000)
  region size 1024K, 3 young (3072K), 3 survivors (3072K)
 Metaspace       used 21181K, committed 21504K, reserved 1114112K
  class space    used 2656K, committed 2816K, reserved 1048576K
}
Event: 7.079 GC heap before
{Heap before GC invocations=5 (full 0):
 garbage-first heap   total reserved 993280K, committed 45056K, used 35888K [0x00000000c3600000, 0x0000000100000000)
  region size 1024K, 26 young (26624K), 3 survivors (3072K)
 Metaspace       used 26157K, committed 26624K, reserved 1114112K
  class space    used 3398K, committed 3584K, reserved 1048576K
}
Event: 7.089 GC heap after
{Heap after GC invocations=6 (full 0):
 garbage-first heap   total reserved 993280K, committed 45056K, used 14727K [0x00000000c3600000, 0x0000000100000000)
  region size 1024K, 3 young (3072K), 3 survivors (3072K)
 Metaspace       used 26157K, committed 26624K, reserved 1114112K
  class space    used 3398K, committed 3584K, reserved 1048576K
}
Event: 7.866 GC heap before
{Heap before GC invocations=6 (full 0):
 garbage-first heap   total reserved 993280K, committed 45056K, used 34183K [0x00000000c3600000, 0x0000000100000000)
  region size 1024K, 22 young (22528K), 3 survivors (3072K)
 Metaspace       used 31271K, committed 31808K, reserved 1114112K
  class space    used 4051K, committed 4288K, reserved 1048576K
}
Event: 7.872 GC heap after
{Heap after GC invocations=7 (full 0):
 garbage-first heap   total reserved 993280K, committed 45056K, used 16218K [0x00000000c3600000, 0x0000000100000000)
  region size 1024K, 2 young (2048K), 2 survivors (2048K)
 Metaspace       used 31271K, committed 31808K, reserved 1114112K
  class space    used 4051K, committed 4288K, reserved 1048576K
}
Event: 8.650 GC heap before
{Heap before GC invocations=7 (full 0):
 garbage-first heap   total reserved 993280K, committed 45056K, used 33626K [0x00000000c3600000, 0x0000000100000000)
  region size 1024K, 20 young (20480K), 2 survivors (2048K)
 Metaspace       used 35496K, committed 35968K, reserved 1114112K
  class space    used 4735K, committed 4928K, reserved 1048576K
}
Event: 8.659 GC heap after
{Heap after GC invocations=8 (full 0):
 garbage-first heap   total reserved 993280K, committed 45056K, used 18606K [0x00000000c3600000, 0x0000000100000000)
  region size 1024K, 3 young (3072K), 3 survivors (3072K)
 Metaspace       used 35496K, committed 35968K, reserved 1114112K
  class space    used 4735K, committed 4928K, reserved 1048576K
}
Event: 9.735 GC heap before
{Heap before GC invocations=9 (full 0):
 garbage-first heap   total reserved 993280K, committed 45056K, used 37038K [0x00000000c3600000, 0x0000000100000000)
  region size 1024K, 21 young (21504K), 3 survivors (3072K)
 Metaspace       used 38537K, committed 39168K, reserved 1114112K
  class space    used 5199K, committed 5504K, reserved 1048576K
}
Event: 9.742 GC heap after
{Heap after GC invocations=10 (full 0):
 garbage-first heap   total reserved 993280K, committed 45056K, used 20528K [0x00000000c3600000, 0x0000000100000000)
  region size 1024K, 2 young (2048K), 2 survivors (2048K)
 Metaspace       used 38537K, committed 39168K, reserved 1114112K
  class space    used 5199K, committed 5504K, reserved 1048576K
}
Event: 44.191 GC heap before
{Heap before GC invocations=10 (full 0):
 garbage-first heap   total reserved 993280K, committed 45056K, used 36912K [0x00000000c3600000, 0x0000000100000000)
  region size 1024K, 19 young (19456K), 2 survivors (2048K)
 Metaspace       used 42395K, committed 43008K, reserved 1114112K
  class space    used 5752K, committed 6016K, reserved 1048576K
}
Event: 44.214 GC heap after
{Heap after GC invocations=11 (full 0):
 garbage-first heap   total reserved 993280K, committed 45056K, used 22094K [0x00000000c3600000, 0x0000000100000000)
  region size 1024K, 2 young (2048K), 2 survivors (2048K)
 Metaspace       used 42395K, committed 43008K, reserved 1114112K
  class space    used 5752K, committed 6016K, reserved 1048576K
}
Event: 4236.054 GC heap before
{Heap before GC invocations=11 (full 0):
 garbage-first heap   total reserved 993280K, committed 45056K, used 37454K [0x00000000c3600000, 0x0000000100000000)
  region size 1024K, 18 young (18432K), 2 survivors (2048K)
 Metaspace       used 44595K, committed 45248K, reserved 1114112K
  class space    used 6016K, committed 6272K, reserved 1048576K
}
Event: 4236.252 GC heap after
{Heap after GC invocations=12 (full 0):
 garbage-first heap   total reserved 993280K, committed 45056K, used 23053K [0x00000000c3600000, 0x0000000100000000)
  region size 1024K, 1 young (1024K), 1 survivors (1024K)
 Metaspace       used 44595K, committed 45248K, reserved 1114112K
  class space    used 6016K, committed 6272K, reserved 1048576K
}

